TN:
SF:src/MyERC20.sol
DA:17,18
FN:17,MyERC20.constructor
FNDA:18,MyERC20.constructor
DA:22,18
DA:28,3
FN:28,MyERC20.updateBlacklist
FNDA:3,MyERC20.updateBlacklist
DA:29,2
DA:30,2
DA:33,1
FN:33,MyERC20.isInBlackList
FNDA:1,MyERC20.isInBlackList
DA:34,1
DA:37,7
FN:37,MyERC20.pause
FNDA:7,MyERC20.pause
DA:38,6
DA:41,2
FN:41,MyERC20.unpause
FNDA:2,MyERC20.unpause
DA:42,1
DA:48,28
FN:48,MyERC20._update
FNDA:28,MyERC20._update
DA:50,1
BRDA:50,0,0,1
BRDA:50,0,1,25
DA:51,1
DA:52,1
BRDA:52,1,0,1
DA:53,1
DA:55,25
DA:58,1
FN:58,MyERC20.nonces
FNDA:1,MyERC20.nonces
DA:61,1
FNF:7
FNH:7
LF:19
LH:19
BRF:3
BRH:3
end_of_record
