TN:
SF:src/MyERC20.sol
DA:17,26
FN:17,MyERC20.constructor
FNDA:26,MyERC20.constructor
DA:22,26
DA:28,0
FN:28,MyERC20.updateBlacklist
FNDA:0,MyERC20.updateBlacklist
DA:29,0
DA:30,0
DA:33,0
FN:33,MyERC20.isInBlackList
FNDA:0,MyERC20.isInBlackList
DA:34,0
DA:37,0
FN:37,MyERC20.pause
FNDA:0,MyERC20.pause
DA:38,0
DA:41,0
FN:41,MyERC20.unpause
FNDA:0,MyERC20.unpause
DA:42,0
DA:48,66
FN:48,MyERC20._update
FNDA:66,MyERC20._update
DA:50,0
BRDA:50,0,0,-
BRDA:50,0,1,66
DA:51,0
DA:52,0
BRDA:52,1,0,-
DA:53,0
DA:55,66
DA:58,0
FN:58,MyERC20.nonces
FNDA:0,MyERC20.nonces
DA:61,0
FNF:7
FNH:2
LF:19
LH:4
BRF:3
BRH:1
end_of_record
TN:
SF:src/SimpleDex.sol
DA:19,13
FN:19,SimpleDex.constructor
FNDA:13,SimpleDex.constructor
DA:20,13
DA:21,13
DA:24,11
FN:24,SimpleDex._mint
FNDA:11,SimpleDex._mint
DA:25,11
DA:26,11
DA:29,1
FN:29,SimpleDex._burn
FNDA:1,SimpleDex._burn
DA:30,1
DA:31,1
DA:34,14
FN:34,SimpleDex.addLiquidity
FNDA:14,SimpleDex.addLiquidity
DA:35,14
DA:36,14
DA:38,14
BRDA:38,0,0,10
BRDA:38,0,1,1
DA:39,10
DA:41,4
DA:42,4
BRDA:42,1,0,2
BRDA:42,1,1,1
DA:43,2
BRDA:43,2,0,1
BRDA:43,2,1,1
DA:44,1
DA:46,2
DA:47,2
BRDA:47,3,0,1
BRDA:47,3,1,1
DA:48,1
DA:53,12
BRDA:53,4,0,10
BRDA:53,4,1,2
DA:54,10
DA:56,2
DA:63,12
DA:64,12
DA:66,12
BRDA:66,5,0,1
BRDA:66,5,1,11
DA:67,11
DA:68,11
DA:71,5
FN:71,SimpleDex.swap
FNDA:5,SimpleDex.swap
DA:72,5
BRDA:72,6,0,1
BRDA:72,6,1,4
DA:73,4
DA:74,4
DA:77,4
DA:80,3
DA:81,3
DA:83,3
BRDA:83,7,0,2
BRDA:83,7,1,1
DA:85,1
DA:86,1
DA:89,2
FN:89,SimpleDex.removeLiquidity
FNDA:2,SimpleDex.removeLiquidity
DA:90,2
BRDA:90,8,0,1
DA:91,1
DA:93,1
DA:94,1
DA:96,1
DA:97,1
DA:98,1
DA:99,1
DA:102,13
FN:102,SimpleDex._updateReserves
FNDA:13,SimpleDex._updateReserves
DA:103,13
DA:104,13
DA:107,10
FN:107,SimpleDex._sqrt
FNDA:10,SimpleDex._sqrt
DA:108,10
BRDA:108,9,0,8
BRDA:108,9,1,2
DA:109,8
DA:110,8
DA:111,528
DA:112,520
DA:113,520
DA:115,2
BRDA:115,10,0,1
DA:116,1
DA:120,2
FN:120,SimpleDex._min
FNDA:2,SimpleDex._min
DA:121,2
FNF:9
FNH:9
LF:62
LH:62
BRF:20
BRH:20
end_of_record
